[0.063s] DEBUG:colcon:Command line arguments: ['/usr/bin/colcon', 'build']
[0.063s] DEBUG:colcon:Parsed command line arguments: Namespace(log_base=None, log_level=None, verb_name='build', build_base='build', install_base='install', merge_install=False, symlink_install=False, test_result_base=None, continue_on_error=False, executor='parallel', parallel_workers=16, event_handlers=None, ignore_user_meta=False, metas=['./colcon.meta'], base_paths=['.'], packages_ignore=None, packages_ignore_regex=None, paths=None, packages_up_to=None, packages_up_to_regex=None, packages_above=None, packages_above_and_dependencies=None, packages_above_depth=None, packages_select_by_dep=None, packages_skip_by_dep=None, packages_skip_up_to=None, packages_select_build_failed=False, packages_skip_build_finished=False, packages_select_test_failures=False, packages_skip_test_passed=False, packages_select=None, packages_skip=None, packages_select_regex=None, packages_skip_regex=None, packages_start=None, packages_end=None, allow_overriding=[], cmake_args=None, cmake_target=None, cmake_target_skip_unavailable=False, cmake_clean_cache=False, cmake_clean_first=False, cmake_force_configure=False, ament_cmake_args=None, catkin_cmake_args=None, catkin_skip_building_tests=False, mixin_files=None, mixin=None, verb_parser=<colcon_mixin.mixin.mixin_argument.MixinArgumentDecorator object at 0x7bad1334ab70>, verb_extension=<colcon_core.verb.build.BuildVerb object at 0x7bad134a6fc0>, main=<bound method BuildVerb.main of <colcon_core.verb.build.BuildVerb object at 0x7bad134a6fc0>>, mixin_verb=('build',))
[0.086s] Level 1:colcon.colcon_core.package_discovery:discover_packages(colcon_meta) check parameters
[0.086s] Level 1:colcon.colcon_core.package_discovery:discover_packages(recursive) check parameters
[0.086s] Level 1:colcon.colcon_core.package_discovery:discover_packages(ignore) check parameters
[0.086s] Level 1:colcon.colcon_core.package_discovery:discover_packages(path) check parameters
[0.086s] Level 1:colcon.colcon_core.package_discovery:discover_packages(colcon_meta) discover
[0.086s] Level 1:colcon.colcon_core.package_discovery:discover_packages(recursive) discover
[0.086s] INFO:colcon.colcon_core.package_discovery:Crawling recursively for packages in '/home/celil/ardupilot_gazebo'
[0.086s] Level 1:colcon.colcon_core.package_identification:_identify(.) by extensions ['ignore', 'ignore_ament_install']
[0.086s] Level 1:colcon.colcon_core.package_identification:_identify(.) by extension 'ignore'
[0.086s] Level 1:colcon.colcon_core.package_identification:_identify(.) by extension 'ignore_ament_install'
[0.086s] Level 1:colcon.colcon_core.package_identification:_identify(.) by extensions ['colcon_pkg']
[0.086s] Level 1:colcon.colcon_core.package_identification:_identify(.) by extension 'colcon_pkg'
[0.086s] Level 1:colcon.colcon_core.package_identification:_identify(.) by extensions ['colcon_meta']
[0.086s] Level 1:colcon.colcon_core.package_identification:_identify(.) by extension 'colcon_meta'
[0.086s] Level 1:colcon.colcon_core.package_identification:_identify(.) by extensions ['ros']
[0.086s] Level 1:colcon.colcon_core.package_identification:_identify(.) by extension 'ros'
[0.109s] DEBUG:colcon.colcon_core.package_identification:Package '.' with type 'ros.ament_cmake' and name 'ardupilot_gazebo'
[0.109s] Level 1:colcon.colcon_core.package_discovery:discover_packages(recursive) using defaults
[0.109s] Level 1:colcon.colcon_core.package_discovery:discover_packages(ignore) discover
[0.109s] Level 1:colcon.colcon_core.package_discovery:discover_packages(ignore) using defaults
[0.109s] Level 1:colcon.colcon_core.package_discovery:discover_packages(path) discover
[0.109s] Level 1:colcon.colcon_core.package_discovery:discover_packages(path) using defaults
[0.120s] Level 1:colcon.colcon_core.package_discovery:discover_packages(prefix_path) check parameters
[0.120s] Level 1:colcon.colcon_core.package_discovery:discover_packages(prefix_path) discover
[0.121s] DEBUG:colcon.colcon_installed_package_information.package_discovery:Found 1 installed packages in /home/celil/ardupilot_gazebo/install
[0.121s] DEBUG:colcon.colcon_installed_package_information.package_discovery:Found 3 installed packages in /home/celil/iha_ws/install
[0.122s] DEBUG:colcon.colcon_installed_package_information.package_discovery:Found 325 installed packages in /opt/ros/jazzy
[0.122s] Level 1:colcon.colcon_core.package_discovery:discover_packages(prefix_path) using defaults
[0.145s] Level 5:colcon.colcon_core.verb:set package 'ardupilot_gazebo' build argument 'cmake_args' from command line to 'None'
[0.145s] Level 5:colcon.colcon_core.verb:set package 'ardupilot_gazebo' build argument 'cmake_target' from command line to 'None'
[0.145s] Level 5:colcon.colcon_core.verb:set package 'ardupilot_gazebo' build argument 'cmake_target_skip_unavailable' from command line to 'False'
[0.145s] Level 5:colcon.colcon_core.verb:set package 'ardupilot_gazebo' build argument 'cmake_clean_cache' from command line to 'False'
[0.145s] Level 5:colcon.colcon_core.verb:set package 'ardupilot_gazebo' build argument 'cmake_clean_first' from command line to 'False'
[0.145s] Level 5:colcon.colcon_core.verb:set package 'ardupilot_gazebo' build argument 'cmake_force_configure' from command line to 'False'
[0.145s] Level 5:colcon.colcon_core.verb:set package 'ardupilot_gazebo' build argument 'ament_cmake_args' from command line to 'None'
[0.145s] Level 5:colcon.colcon_core.verb:set package 'ardupilot_gazebo' build argument 'catkin_cmake_args' from command line to 'None'
[0.145s] Level 5:colcon.colcon_core.verb:set package 'ardupilot_gazebo' build argument 'catkin_skip_building_tests' from command line to 'False'
[0.145s] DEBUG:colcon.colcon_core.verb:Building package 'ardupilot_gazebo' with the following arguments: {'ament_cmake_args': None, 'build_base': '/home/celil/ardupilot_gazebo/build/ardupilot_gazebo', 'catkin_cmake_args': None, 'catkin_skip_building_tests': False, 'cmake_args': None, 'cmake_clean_cache': False, 'cmake_clean_first': False, 'cmake_force_configure': False, 'cmake_target': None, 'cmake_target_skip_unavailable': False, 'install_base': '/home/celil/ardupilot_gazebo/install/ardupilot_gazebo', 'merge_install': False, 'path': '/home/celil/ardupilot_gazebo', 'symlink_install': False, 'test_result_base': None}
[0.145s] INFO:colcon.colcon_core.executor:Executing jobs using 'parallel' executor
[0.146s] DEBUG:colcon.colcon_parallel_executor.executor.parallel:run_until_complete
[0.146s] INFO:colcon.colcon_ros.task.ament_cmake.build:Building ROS package in '/home/celil/ardupilot_gazebo' with build type 'ament_cmake'
[0.146s] INFO:colcon.colcon_cmake.task.cmake.build:Building CMake package in '/home/celil/ardupilot_gazebo'
[0.148s] INFO:colcon.colcon_core.plugin_system:Skipping extension 'colcon_core.shell.bat': Not used on non-Windows systems
[0.148s] INFO:colcon.colcon_core.shell:Skip shell extension 'powershell' for command environment: Not usable outside of PowerShell
[0.148s] DEBUG:colcon.colcon_core.shell:Skip shell extension 'dsv' for command environment
[0.154s] DEBUG:colcon.colcon_core.event_handler.log_command:Invoking command in '/home/celil/ardupilot_gazebo/build/ardupilot_gazebo': CMAKE_PREFIX_PATH=${CMAKE_PREFIX_PATH}:/home/celil/iha_ws/install/teknofest_kamikaze:/opt/ros/jazzy DEBUGINFOD_URLS=https://debuginfod.ubuntu.com PS1=(iha_env) \[\e]0;\u@\h: \w\a\]${debian_chroot:+($debian_chroot)}\[\033[01;32m\]\u@\h\[\033[00m\]:\[\033[01;34m\]\w\[\033[00m\]\$ VIRTUAL_ENV_PROMPT=(iha_env) /usr/bin/cmake --build /home/celil/ardupilot_gazebo/build/ardupilot_gazebo -- -j16 -l16
[0.212s] DEBUG:colcon.colcon_core.event_handler.log_command:Invoked command in '/home/celil/ardupilot_gazebo/build/ardupilot_gazebo' returned '0': CMAKE_PREFIX_PATH=${CMAKE_PREFIX_PATH}:/home/celil/iha_ws/install/teknofest_kamikaze:/opt/ros/jazzy DEBUGINFOD_URLS=https://debuginfod.ubuntu.com PS1=(iha_env) \[\e]0;\u@\h: \w\a\]${debian_chroot:+($debian_chroot)}\[\033[01;32m\]\u@\h\[\033[00m\]:\[\033[01;34m\]\w\[\033[00m\]\$ VIRTUAL_ENV_PROMPT=(iha_env) /usr/bin/cmake --build /home/celil/ardupilot_gazebo/build/ardupilot_gazebo -- -j16 -l16
[0.219s] DEBUG:colcon.colcon_core.event_handler.log_command:Invoking command in '/home/celil/ardupilot_gazebo/build/ardupilot_gazebo': CMAKE_PREFIX_PATH=${CMAKE_PREFIX_PATH}:/home/celil/iha_ws/install/teknofest_kamikaze:/opt/ros/jazzy DEBUGINFOD_URLS=https://debuginfod.ubuntu.com PS1=(iha_env) \[\e]0;\u@\h: \w\a\]${debian_chroot:+($debian_chroot)}\[\033[01;32m\]\u@\h\[\033[00m\]:\[\033[01;34m\]\w\[\033[00m\]\$ VIRTUAL_ENV_PROMPT=(iha_env) /usr/bin/cmake --install /home/celil/ardupilot_gazebo/build/ardupilot_gazebo
[0.228s] Level 1:colcon.colcon_core.environment:create_environment_scripts_only(ardupilot_gazebo)
[0.228s] DEBUG:colcon.colcon_core.event_handler.log_command:Invoked command in '/home/celil/ardupilot_gazebo/build/ardupilot_gazebo' returned '0': CMAKE_PREFIX_PATH=${CMAKE_PREFIX_PATH}:/home/celil/iha_ws/install/teknofest_kamikaze:/opt/ros/jazzy DEBUGINFOD_URLS=https://debuginfod.ubuntu.com PS1=(iha_env) \[\e]0;\u@\h: \w\a\]${debian_chroot:+($debian_chroot)}\[\033[01;32m\]\u@\h\[\033[00m\]:\[\033[01;34m\]\w\[\033[00m\]\$ VIRTUAL_ENV_PROMPT=(iha_env) /usr/bin/cmake --install /home/celil/ardupilot_gazebo/build/ardupilot_gazebo
[0.229s] Level 1:colcon.colcon_core.environment:checking '/home/celil/ardupilot_gazebo/install/ardupilot_gazebo' for CMake module files
[0.229s] Level 1:colcon.colcon_core.environment:checking '/home/celil/ardupilot_gazebo/install/ardupilot_gazebo' for CMake config files
[0.230s] Level 1:colcon.colcon_core.shell:create_environment_hook('ardupilot_gazebo', 'cmake_prefix_path')
[0.230s] INFO:colcon.colcon_core.shell:Creating environment hook '/home/celil/ardupilot_gazebo/install/ardupilot_gazebo/share/ardupilot_gazebo/hook/cmake_prefix_path.ps1'
[0.231s] INFO:colcon.colcon_core.shell:Creating environment descriptor '/home/celil/ardupilot_gazebo/install/ardupilot_gazebo/share/ardupilot_gazebo/hook/cmake_prefix_path.dsv'
[0.231s] INFO:colcon.colcon_core.shell:Creating environment hook '/home/celil/ardupilot_gazebo/install/ardupilot_gazebo/share/ardupilot_gazebo/hook/cmake_prefix_path.sh'
[0.231s] Level 1:colcon.colcon_core.environment:checking '/home/celil/ardupilot_gazebo/install/ardupilot_gazebo/lib'
[0.232s] Level 1:colcon.colcon_core.environment:checking '/home/celil/ardupilot_gazebo/install/ardupilot_gazebo/bin'
[0.232s] Level 1:colcon.colcon_core.environment:checking '/home/celil/ardupilot_gazebo/install/ardupilot_gazebo/lib/pkgconfig/ardupilot_gazebo.pc'
[0.232s] Level 1:colcon.colcon_core.environment:checking '/home/celil/ardupilot_gazebo/install/ardupilot_gazebo/lib/python3.12/site-packages'
[0.232s] Level 1:colcon.colcon_core.environment:checking '/home/celil/ardupilot_gazebo/install/ardupilot_gazebo/bin'
[0.232s] INFO:colcon.colcon_core.shell:Creating package script '/home/celil/ardupilot_gazebo/install/ardupilot_gazebo/share/ardupilot_gazebo/package.ps1'
[0.233s] INFO:colcon.colcon_core.shell:Creating package descriptor '/home/celil/ardupilot_gazebo/install/ardupilot_gazebo/share/ardupilot_gazebo/package.dsv'
[0.233s] INFO:colcon.colcon_core.shell:Creating package script '/home/celil/ardupilot_gazebo/install/ardupilot_gazebo/share/ardupilot_gazebo/package.sh'
[0.233s] INFO:colcon.colcon_core.shell:Creating package script '/home/celil/ardupilot_gazebo/install/ardupilot_gazebo/share/ardupilot_gazebo/package.bash'
[0.233s] INFO:colcon.colcon_core.shell:Creating package script '/home/celil/ardupilot_gazebo/install/ardupilot_gazebo/share/ardupilot_gazebo/package.zsh'
[0.234s] Level 1:colcon.colcon_core.environment:create_file_with_runtime_dependencies(/home/celil/ardupilot_gazebo/install/ardupilot_gazebo/share/colcon-core/packages/ardupilot_gazebo)
[0.234s] Level 1:colcon.colcon_core.environment:create_environment_scripts_only(ardupilot_gazebo)
[0.234s] Level 1:colcon.colcon_core.environment:checking '/home/celil/ardupilot_gazebo/install/ardupilot_gazebo' for CMake module files
[0.234s] Level 1:colcon.colcon_core.environment:checking '/home/celil/ardupilot_gazebo/install/ardupilot_gazebo' for CMake config files
[0.235s] Level 1:colcon.colcon_core.shell:create_environment_hook('ardupilot_gazebo', 'cmake_prefix_path')
[0.235s] INFO:colcon.colcon_core.shell:Creating environment hook '/home/celil/ardupilot_gazebo/install/ardupilot_gazebo/share/ardupilot_gazebo/hook/cmake_prefix_path.ps1'
[0.235s] INFO:colcon.colcon_core.shell:Creating environment descriptor '/home/celil/ardupilot_gazebo/install/ardupilot_gazebo/share/ardupilot_gazebo/hook/cmake_prefix_path.dsv'
[0.236s] INFO:colcon.colcon_core.shell:Creating environment hook '/home/celil/ardupilot_gazebo/install/ardupilot_gazebo/share/ardupilot_gazebo/hook/cmake_prefix_path.sh'
[0.236s] Level 1:colcon.colcon_core.environment:checking '/home/celil/ardupilot_gazebo/install/ardupilot_gazebo/lib'
[0.236s] Level 1:colcon.colcon_core.environment:checking '/home/celil/ardupilot_gazebo/install/ardupilot_gazebo/bin'
[0.236s] Level 1:colcon.colcon_core.environment:checking '/home/celil/ardupilot_gazebo/install/ardupilot_gazebo/lib/pkgconfig/ardupilot_gazebo.pc'
[0.236s] Level 1:colcon.colcon_core.environment:checking '/home/celil/ardupilot_gazebo/install/ardupilot_gazebo/lib/python3.12/site-packages'
[0.236s] Level 1:colcon.colcon_core.environment:checking '/home/celil/ardupilot_gazebo/install/ardupilot_gazebo/bin'
[0.236s] INFO:colcon.colcon_core.shell:Creating package script '/home/celil/ardupilot_gazebo/install/ardupilot_gazebo/share/ardupilot_gazebo/package.ps1'
[0.237s] INFO:colcon.colcon_core.shell:Creating package descriptor '/home/celil/ardupilot_gazebo/install/ardupilot_gazebo/share/ardupilot_gazebo/package.dsv'
[0.237s] INFO:colcon.colcon_core.shell:Creating package script '/home/celil/ardupilot_gazebo/install/ardupilot_gazebo/share/ardupilot_gazebo/package.sh'
[0.244s] INFO:colcon.colcon_core.shell:Creating package script '/home/celil/ardupilot_gazebo/install/ardupilot_gazebo/share/ardupilot_gazebo/package.bash'
[0.245s] INFO:colcon.colcon_core.shell:Creating package script '/home/celil/ardupilot_gazebo/install/ardupilot_gazebo/share/ardupilot_gazebo/package.zsh'
[0.245s] Level 1:colcon.colcon_core.environment:create_file_with_runtime_dependencies(/home/celil/ardupilot_gazebo/install/ardupilot_gazebo/share/colcon-core/packages/ardupilot_gazebo)
[0.245s] DEBUG:colcon.colcon_parallel_executor.executor.parallel:closing loop
[0.245s] DEBUG:colcon.colcon_parallel_executor.executor.parallel:loop closed
[0.245s] DEBUG:colcon.colcon_parallel_executor.executor.parallel:run_until_complete finished with '0'
[0.245s] DEBUG:colcon.colcon_core.event_reactor:joining thread
[0.249s] INFO:colcon.colcon_core.plugin_system:Skipping extension 'colcon_notification.desktop_notification.terminal_notifier': Not used on non-Darwin systems
[0.249s] INFO:colcon.colcon_core.plugin_system:Skipping extension 'colcon_notification.desktop_notification.win32': Not used on non-Windows systems
[0.249s] INFO:colcon.colcon_notification.desktop_notification:Sending desktop notification using 'notify2'
[0.260s] DEBUG:colcon.colcon_core.event_reactor:joined thread
[0.260s] INFO:colcon.colcon_core.shell:Creating prefix script '/home/celil/ardupilot_gazebo/install/local_setup.ps1'
[0.261s] INFO:colcon.colcon_core.shell:Creating prefix util module '/home/celil/ardupilot_gazebo/install/_local_setup_util_ps1.py'
[0.261s] INFO:colcon.colcon_core.shell:Creating prefix chain script '/home/celil/ardupilot_gazebo/install/setup.ps1'
[0.262s] INFO:colcon.colcon_core.shell:Creating prefix script '/home/celil/ardupilot_gazebo/install/local_setup.sh'
[0.262s] INFO:colcon.colcon_core.shell:Creating prefix util module '/home/celil/ardupilot_gazebo/install/_local_setup_util_sh.py'
[0.262s] INFO:colcon.colcon_core.shell:Creating prefix chain script '/home/celil/ardupilot_gazebo/install/setup.sh'
[0.263s] INFO:colcon.colcon_core.shell:Creating prefix script '/home/celil/ardupilot_gazebo/install/local_setup.bash'
[0.263s] INFO:colcon.colcon_core.shell:Creating prefix chain script '/home/celil/ardupilot_gazebo/install/setup.bash'
[0.264s] INFO:colcon.colcon_core.shell:Creating prefix script '/home/celil/ardupilot_gazebo/install/local_setup.zsh'
[0.264s] INFO:colcon.colcon_core.shell:Creating prefix chain script '/home/celil/ardupilot_gazebo/install/setup.zsh'
