[0.068s] DEBUG:colcon:Command line arguments: ['/usr/bin/colcon', 'build', '--symlink-install']
[0.068s] DEBUG:colcon:Parsed command line arguments: Namespace(log_base=None, log_level=None, verb_name='build', build_base='build', install_base='install', merge_install=False, symlink_install=True, test_result_base=None, continue_on_error=False, executor='parallel', parallel_workers=16, event_handlers=None, ignore_user_meta=False, metas=['./colcon.meta'], base_paths=['.'], packages_ignore=None, packages_ignore_regex=None, paths=None, packages_up_to=None, packages_up_to_regex=None, packages_above=None, packages_above_and_dependencies=None, packages_above_depth=None, packages_select_by_dep=None, packages_skip_by_dep=None, packages_skip_up_to=None, packages_select_build_failed=False, packages_skip_build_finished=False, packages_select_test_failures=False, packages_skip_test_passed=False, packages_select=None, packages_skip=None, packages_select_regex=None, packages_skip_regex=None, packages_start=None, packages_end=None, allow_overriding=[], cmake_args=None, cmake_target=None, cmake_target_skip_unavailable=False, cmake_clean_cache=False, cmake_clean_first=False, cmake_force_configure=False, ament_cmake_args=None, catkin_cmake_args=None, catkin_skip_building_tests=False, mixin_files=None, mixin=None, verb_parser=<colcon_mixin.mixin.mixin_argument.MixinArgumentDecorator object at 0x7c7af2f8e750>, verb_extension=<colcon_core.verb.build.BuildVerb object at 0x7c7af30b6e40>, main=<bound method BuildVerb.main of <colcon_core.verb.build.BuildVerb object at 0x7c7af30b6e40>>, mixin_verb=('build',))
[0.092s] Level 1:colcon.colcon_core.package_discovery:discover_packages(colcon_meta) check parameters
[0.092s] Level 1:colcon.colcon_core.package_discovery:discover_packages(recursive) check parameters
[0.092s] Level 1:colcon.colcon_core.package_discovery:discover_packages(ignore) check parameters
[0.092s] Level 1:colcon.colcon_core.package_discovery:discover_packages(path) check parameters
[0.092s] Level 1:colcon.colcon_core.package_discovery:discover_packages(colcon_meta) discover
[0.092s] Level 1:colcon.colcon_core.package_discovery:discover_packages(recursive) discover
[0.092s] INFO:colcon.colcon_core.package_discovery:Crawling recursively for packages in '/home/celil/ardupilot_gazebo'
[0.092s] Level 1:colcon.colcon_core.package_identification:_identify(.) by extensions ['ignore', 'ignore_ament_install']
[0.092s] Level 1:colcon.colcon_core.package_identification:_identify(.) by extension 'ignore'
[0.092s] Level 1:colcon.colcon_core.package_identification:_identify(.) by extension 'ignore_ament_install'
[0.092s] Level 1:colcon.colcon_core.package_identification:_identify(.) by extensions ['colcon_pkg']
[0.092s] Level 1:colcon.colcon_core.package_identification:_identify(.) by extension 'colcon_pkg'
[0.092s] Level 1:colcon.colcon_core.package_identification:_identify(.) by extensions ['colcon_meta']
[0.092s] Level 1:colcon.colcon_core.package_identification:_identify(.) by extension 'colcon_meta'
[0.092s] Level 1:colcon.colcon_core.package_identification:_identify(.) by extensions ['ros']
[0.092s] Level 1:colcon.colcon_core.package_identification:_identify(.) by extension 'ros'
[0.116s] DEBUG:colcon.colcon_core.package_identification:Package '.' with type 'ros.ament_cmake' and name 'ardupilot_gazebo'
[0.116s] Level 1:colcon.colcon_core.package_discovery:discover_packages(recursive) using defaults
[0.116s] Level 1:colcon.colcon_core.package_discovery:discover_packages(ignore) discover
[0.116s] Level 1:colcon.colcon_core.package_discovery:discover_packages(ignore) using defaults
[0.116s] Level 1:colcon.colcon_core.package_discovery:discover_packages(path) discover
[0.116s] Level 1:colcon.colcon_core.package_discovery:discover_packages(path) using defaults
[0.128s] Level 1:colcon.colcon_core.package_discovery:discover_packages(prefix_path) check parameters
[0.128s] Level 1:colcon.colcon_core.package_discovery:discover_packages(prefix_path) discover
[0.130s] DEBUG:colcon.colcon_installed_package_information.package_discovery:Found 3 installed packages in /home/celil/iha_ws/install
[0.131s] DEBUG:colcon.colcon_installed_package_information.package_discovery:Found 325 installed packages in /opt/ros/jazzy
[0.132s] Level 1:colcon.colcon_core.package_discovery:discover_packages(prefix_path) using defaults
[0.156s] Level 5:colcon.colcon_core.verb:set package 'ardupilot_gazebo' build argument 'cmake_args' from command line to 'None'
[0.156s] Level 5:colcon.colcon_core.verb:set package 'ardupilot_gazebo' build argument 'cmake_target' from command line to 'None'
[0.156s] Level 5:colcon.colcon_core.verb:set package 'ardupilot_gazebo' build argument 'cmake_target_skip_unavailable' from command line to 'False'
[0.156s] Level 5:colcon.colcon_core.verb:set package 'ardupilot_gazebo' build argument 'cmake_clean_cache' from command line to 'False'
[0.156s] Level 5:colcon.colcon_core.verb:set package 'ardupilot_gazebo' build argument 'cmake_clean_first' from command line to 'False'
[0.156s] Level 5:colcon.colcon_core.verb:set package 'ardupilot_gazebo' build argument 'cmake_force_configure' from command line to 'False'
[0.156s] Level 5:colcon.colcon_core.verb:set package 'ardupilot_gazebo' build argument 'ament_cmake_args' from command line to 'None'
[0.156s] Level 5:colcon.colcon_core.verb:set package 'ardupilot_gazebo' build argument 'catkin_cmake_args' from command line to 'None'
[0.156s] Level 5:colcon.colcon_core.verb:set package 'ardupilot_gazebo' build argument 'catkin_skip_building_tests' from command line to 'False'
[0.156s] DEBUG:colcon.colcon_core.verb:Building package 'ardupilot_gazebo' with the following arguments: {'ament_cmake_args': None, 'build_base': '/home/celil/ardupilot_gazebo/build/ardupilot_gazebo', 'catkin_cmake_args': None, 'catkin_skip_building_tests': False, 'cmake_args': None, 'cmake_clean_cache': False, 'cmake_clean_first': False, 'cmake_force_configure': False, 'cmake_target': None, 'cmake_target_skip_unavailable': False, 'install_base': '/home/celil/ardupilot_gazebo/install/ardupilot_gazebo', 'merge_install': False, 'path': '/home/celil/ardupilot_gazebo', 'symlink_install': True, 'test_result_base': None}
[0.156s] INFO:colcon.colcon_core.executor:Executing jobs using 'parallel' executor
[0.157s] DEBUG:colcon.colcon_parallel_executor.executor.parallel:run_until_complete
[0.157s] INFO:colcon.colcon_ros.task.ament_cmake.build:Building ROS package in '/home/celil/ardupilot_gazebo' with build type 'ament_cmake'
[0.157s] INFO:colcon.colcon_cmake.task.cmake.build:Building CMake package in '/home/celil/ardupilot_gazebo'
[0.159s] INFO:colcon.colcon_core.plugin_system:Skipping extension 'colcon_core.shell.bat': Not used on non-Windows systems
[0.159s] INFO:colcon.colcon_core.shell:Skip shell extension 'powershell' for command environment: Not usable outside of PowerShell
[0.159s] DEBUG:colcon.colcon_core.shell:Skip shell extension 'dsv' for command environment
[0.164s] DEBUG:colcon.colcon_core.event_handler.log_command:Invoking command in '/home/celil/ardupilot_gazebo/build/ardupilot_gazebo': CMAKE_PREFIX_PATH=${CMAKE_PREFIX_PATH}:/home/celil/iha_ws/install/teknofest_kamikaze:/home/celil/iha_ws/install/px4_ros_com:/home/celil/iha_ws/install/px4_msgs:/opt/ros/jazzy DEBUGINFOD_URLS=https://debuginfod.ubuntu.com VIRTUAL_ENV_PROMPT=(venv-ardupilot) /usr/bin/cmake /home/celil/ardupilot_gazebo -DAMENT_CMAKE_SYMLINK_INSTALL=1 -DCMAKE_INSTALL_PREFIX=/home/celil/ardupilot_gazebo/install/ardupilot_gazebo
[1.882s] DEBUG:colcon.colcon_core.event_handler.log_command:Invoked command in '/home/celil/ardupilot_gazebo/build/ardupilot_gazebo' returned '0': CMAKE_PREFIX_PATH=${CMAKE_PREFIX_PATH}:/home/celil/iha_ws/install/teknofest_kamikaze:/home/celil/iha_ws/install/px4_ros_com:/home/celil/iha_ws/install/px4_msgs:/opt/ros/jazzy DEBUGINFOD_URLS=https://debuginfod.ubuntu.com VIRTUAL_ENV_PROMPT=(venv-ardupilot) /usr/bin/cmake /home/celil/ardupilot_gazebo -DAMENT_CMAKE_SYMLINK_INSTALL=1 -DCMAKE_INSTALL_PREFIX=/home/celil/ardupilot_gazebo/install/ardupilot_gazebo
[1.882s] DEBUG:colcon.colcon_core.event_handler.log_command:Invoking command in '/home/celil/ardupilot_gazebo/build/ardupilot_gazebo': CMAKE_PREFIX_PATH=${CMAKE_PREFIX_PATH}:/home/celil/iha_ws/install/teknofest_kamikaze:/home/celil/iha_ws/install/px4_ros_com:/home/celil/iha_ws/install/px4_msgs:/opt/ros/jazzy DEBUGINFOD_URLS=https://debuginfod.ubuntu.com VIRTUAL_ENV_PROMPT=(venv-ardupilot) /usr/bin/cmake --build /home/celil/ardupilot_gazebo/build/ardupilot_gazebo -- -j16 -l16
[8.226s] DEBUG:colcon.colcon_core.event_handler.log_command:Invoked command in '/home/celil/ardupilot_gazebo/build/ardupilot_gazebo' returned '0': CMAKE_PREFIX_PATH=${CMAKE_PREFIX_PATH}:/home/celil/iha_ws/install/teknofest_kamikaze:/home/celil/iha_ws/install/px4_ros_com:/home/celil/iha_ws/install/px4_msgs:/opt/ros/jazzy DEBUGINFOD_URLS=https://debuginfod.ubuntu.com VIRTUAL_ENV_PROMPT=(venv-ardupilot) /usr/bin/cmake --build /home/celil/ardupilot_gazebo/build/ardupilot_gazebo -- -j16 -l16
[8.233s] DEBUG:colcon.colcon_core.event_handler.log_command:Invoking command in '/home/celil/ardupilot_gazebo/build/ardupilot_gazebo': CMAKE_PREFIX_PATH=${CMAKE_PREFIX_PATH}:/home/celil/iha_ws/install/teknofest_kamikaze:/home/celil/iha_ws/install/px4_ros_com:/home/celil/iha_ws/install/px4_msgs:/opt/ros/jazzy DEBUGINFOD_URLS=https://debuginfod.ubuntu.com VIRTUAL_ENV_PROMPT=(venv-ardupilot) /usr/bin/cmake --install /home/celil/ardupilot_gazebo/build/ardupilot_gazebo
[9.142s] Level 1:colcon.colcon_core.environment:create_environment_scripts_only(ardupilot_gazebo)
[9.143s] DEBUG:colcon.colcon_core.event_handler.log_command:Invoked command in '/home/celil/ardupilot_gazebo/build/ardupilot_gazebo' returned '0': CMAKE_PREFIX_PATH=${CMAKE_PREFIX_PATH}:/home/celil/iha_ws/install/teknofest_kamikaze:/home/celil/iha_ws/install/px4_ros_com:/home/celil/iha_ws/install/px4_msgs:/opt/ros/jazzy DEBUGINFOD_URLS=https://debuginfod.ubuntu.com VIRTUAL_ENV_PROMPT=(venv-ardupilot) /usr/bin/cmake --install /home/celil/ardupilot_gazebo/build/ardupilot_gazebo
[9.145s] Level 1:colcon.colcon_core.environment:checking '/home/celil/ardupilot_gazebo/install/ardupilot_gazebo' for CMake module files
[9.145s] Level 1:colcon.colcon_core.environment:checking '/home/celil/ardupilot_gazebo/install/ardupilot_gazebo' for CMake config files
[9.147s] Level 1:colcon.colcon_core.shell:create_environment_hook('ardupilot_gazebo', 'cmake_prefix_path')
[9.148s] INFO:colcon.colcon_core.shell:Creating environment hook '/home/celil/ardupilot_gazebo/install/ardupilot_gazebo/share/ardupilot_gazebo/hook/cmake_prefix_path.ps1'
[9.149s] INFO:colcon.colcon_core.shell:Creating environment descriptor '/home/celil/ardupilot_gazebo/install/ardupilot_gazebo/share/ardupilot_gazebo/hook/cmake_prefix_path.dsv'
[9.149s] INFO:colcon.colcon_core.shell:Creating environment hook '/home/celil/ardupilot_gazebo/install/ardupilot_gazebo/share/ardupilot_gazebo/hook/cmake_prefix_path.sh'
[9.150s] Level 1:colcon.colcon_core.environment:checking '/home/celil/ardupilot_gazebo/install/ardupilot_gazebo/lib'
[9.151s] Level 1:colcon.colcon_core.environment:checking '/home/celil/ardupilot_gazebo/install/ardupilot_gazebo/bin'
[9.151s] Level 1:colcon.colcon_core.environment:checking '/home/celil/ardupilot_gazebo/install/ardupilot_gazebo/lib/pkgconfig/ardupilot_gazebo.pc'
[9.151s] Level 1:colcon.colcon_core.environment:checking '/home/celil/ardupilot_gazebo/install/ardupilot_gazebo/lib/python3.12/site-packages'
[9.151s] Level 1:colcon.colcon_core.environment:checking '/home/celil/ardupilot_gazebo/install/ardupilot_gazebo/bin'
[9.152s] INFO:colcon.colcon_core.shell:Creating package script '/home/celil/ardupilot_gazebo/install/ardupilot_gazebo/share/ardupilot_gazebo/package.ps1'
[9.153s] INFO:colcon.colcon_core.shell:Creating package descriptor '/home/celil/ardupilot_gazebo/install/ardupilot_gazebo/share/ardupilot_gazebo/package.dsv'
[9.153s] INFO:colcon.colcon_core.shell:Creating package script '/home/celil/ardupilot_gazebo/install/ardupilot_gazebo/share/ardupilot_gazebo/package.sh'
[9.154s] INFO:colcon.colcon_core.shell:Creating package script '/home/celil/ardupilot_gazebo/install/ardupilot_gazebo/share/ardupilot_gazebo/package.bash'
[9.155s] INFO:colcon.colcon_core.shell:Creating package script '/home/celil/ardupilot_gazebo/install/ardupilot_gazebo/share/ardupilot_gazebo/package.zsh'
[9.155s] Level 1:colcon.colcon_core.environment:create_file_with_runtime_dependencies(/home/celil/ardupilot_gazebo/install/ardupilot_gazebo/share/colcon-core/packages/ardupilot_gazebo)
[9.156s] Level 1:colcon.colcon_core.environment:create_environment_scripts_only(ardupilot_gazebo)
[9.156s] Level 1:colcon.colcon_core.environment:checking '/home/celil/ardupilot_gazebo/install/ardupilot_gazebo' for CMake module files
[9.156s] Level 1:colcon.colcon_core.environment:checking '/home/celil/ardupilot_gazebo/install/ardupilot_gazebo' for CMake config files
[9.157s] Level 1:colcon.colcon_core.shell:create_environment_hook('ardupilot_gazebo', 'cmake_prefix_path')
[9.157s] INFO:colcon.colcon_core.shell:Creating environment hook '/home/celil/ardupilot_gazebo/install/ardupilot_gazebo/share/ardupilot_gazebo/hook/cmake_prefix_path.ps1'
[9.157s] INFO:colcon.colcon_core.shell:Creating environment descriptor '/home/celil/ardupilot_gazebo/install/ardupilot_gazebo/share/ardupilot_gazebo/hook/cmake_prefix_path.dsv'
[9.157s] INFO:colcon.colcon_core.shell:Creating environment hook '/home/celil/ardupilot_gazebo/install/ardupilot_gazebo/share/ardupilot_gazebo/hook/cmake_prefix_path.sh'
[9.158s] Level 1:colcon.colcon_core.environment:checking '/home/celil/ardupilot_gazebo/install/ardupilot_gazebo/lib'
[9.158s] Level 1:colcon.colcon_core.environment:checking '/home/celil/ardupilot_gazebo/install/ardupilot_gazebo/bin'
[9.158s] Level 1:colcon.colcon_core.environment:checking '/home/celil/ardupilot_gazebo/install/ardupilot_gazebo/lib/pkgconfig/ardupilot_gazebo.pc'
[9.158s] Level 1:colcon.colcon_core.environment:checking '/home/celil/ardupilot_gazebo/install/ardupilot_gazebo/lib/python3.12/site-packages'
[9.158s] Level 1:colcon.colcon_core.environment:checking '/home/celil/ardupilot_gazebo/install/ardupilot_gazebo/bin'
[9.158s] INFO:colcon.colcon_core.shell:Creating package script '/home/celil/ardupilot_gazebo/install/ardupilot_gazebo/share/ardupilot_gazebo/package.ps1'
[9.158s] INFO:colcon.colcon_core.shell:Creating package descriptor '/home/celil/ardupilot_gazebo/install/ardupilot_gazebo/share/ardupilot_gazebo/package.dsv'
[9.159s] INFO:colcon.colcon_core.shell:Creating package script '/home/celil/ardupilot_gazebo/install/ardupilot_gazebo/share/ardupilot_gazebo/package.sh'
[9.159s] INFO:colcon.colcon_core.shell:Creating package script '/home/celil/ardupilot_gazebo/install/ardupilot_gazebo/share/ardupilot_gazebo/package.bash'
[9.159s] INFO:colcon.colcon_core.shell:Creating package script '/home/celil/ardupilot_gazebo/install/ardupilot_gazebo/share/ardupilot_gazebo/package.zsh'
[9.159s] Level 1:colcon.colcon_core.environment:create_file_with_runtime_dependencies(/home/celil/ardupilot_gazebo/install/ardupilot_gazebo/share/colcon-core/packages/ardupilot_gazebo)
[9.159s] DEBUG:colcon.colcon_parallel_executor.executor.parallel:closing loop
[9.160s] DEBUG:colcon.colcon_parallel_executor.executor.parallel:loop closed
[9.160s] DEBUG:colcon.colcon_parallel_executor.executor.parallel:run_until_complete finished with '0'
[9.160s] DEBUG:colcon.colcon_core.event_reactor:joining thread
[9.166s] INFO:colcon.colcon_core.plugin_system:Skipping extension 'colcon_notification.desktop_notification.terminal_notifier': Not used on non-Darwin systems
[9.166s] INFO:colcon.colcon_core.plugin_system:Skipping extension 'colcon_notification.desktop_notification.win32': Not used on non-Windows systems
[9.166s] INFO:colcon.colcon_notification.desktop_notification:Sending desktop notification using 'notify2'
[9.175s] DEBUG:colcon.colcon_core.event_reactor:joined thread
[9.175s] INFO:colcon.colcon_core.shell:Creating prefix script '/home/celil/ardupilot_gazebo/install/local_setup.ps1'
[9.176s] INFO:colcon.colcon_core.shell:Creating prefix util module '/home/celil/ardupilot_gazebo/install/_local_setup_util_ps1.py'
[9.177s] INFO:colcon.colcon_core.shell:Creating prefix chain script '/home/celil/ardupilot_gazebo/install/setup.ps1'
[9.178s] INFO:colcon.colcon_core.shell:Creating prefix script '/home/celil/ardupilot_gazebo/install/local_setup.sh'
[9.179s] INFO:colcon.colcon_core.shell:Creating prefix util module '/home/celil/ardupilot_gazebo/install/_local_setup_util_sh.py'
[9.189s] INFO:colcon.colcon_core.shell:Creating prefix chain script '/home/celil/ardupilot_gazebo/install/setup.sh'
[9.190s] INFO:colcon.colcon_core.shell:Creating prefix script '/home/celil/ardupilot_gazebo/install/local_setup.bash'
[9.190s] INFO:colcon.colcon_core.shell:Creating prefix chain script '/home/celil/ardupilot_gazebo/install/setup.bash'
[9.191s] INFO:colcon.colcon_core.shell:Creating prefix script '/home/celil/ardupilot_gazebo/install/local_setup.zsh'
[9.191s] INFO:colcon.colcon_core.shell:Creating prefix chain script '/home/celil/ardupilot_gazebo/install/setup.zsh'
