[ 20%] Built target CameraZoomPlugin
[ 40%] Built target ParachutePlugin
[ 80%] Built target ArduPilotPlugin
[100%] Built target GstCameraPlugin
-- Install configuration: ""
-- Up-to-date: /home/celil/ardupilot_gazebo/install/ardupilot_gazebo/share/ardupilot_gazebo/config
-- Up-to-date: /home/celil/ardupilot_gazebo/install/ardupilot_gazebo/share/ardupilot_gazebo/models
-- Up-to-date: /home/celil/ardupilot_gazebo/install/ardupilot_gazebo/share/ardupilot_gazebo/models/qr_egimli
-- Up-to-date: /home/celil/ardupilot_gazebo/install/ardupilot_gazebo/share/ardupilot_gazebo/models/qr_egimli/materials
-- Up-to-date: /home/celil/ardupilot_gazebo/install/ardupilot_gazebo/share/ardupilot_gazebo/models/qr_egimli/materials/textures
-- Up-to-date: /home/celil/ardupilot_gazebo/install/ardupilot_gazebo/share/ardupilot_gazebo/models/gimbal_small_1d
-- Up-to-date: /home/celil/ardupilot_gazebo/install/ardupilot_gazebo/share/ardupilot_gazebo/models/gimbal_small_1d/meshes
-- Up-to-date: /home/celil/ardupilot_gazebo/install/ardupilot_gazebo/share/ardupilot_gazebo/models/qr_beton
-- Up-to-date: /home/celil/ardupilot_gazebo/install/ardupilot_gazebo/share/ardupilot_gazebo/models/qr_beton/materials
-- Up-to-date: /home/celil/ardupilot_gazebo/install/ardupilot_gazebo/share/ardupilot_gazebo/models/qr_beton/materials/textures
-- Up-to-date: /home/celil/ardupilot_gazebo/install/ardupilot_gazebo/share/ardupilot_gazebo/models/qr_golge
-- Up-to-date: /home/celil/ardupilot_gazebo/install/ardupilot_gazebo/share/ardupilot_gazebo/models/qr_golge/materials
-- Up-to-date: /home/celil/ardupilot_gazebo/install/ardupilot_gazebo/share/ardupilot_gazebo/models/qr_golge/materials/textures
-- Up-to-date: /home/celil/ardupilot_gazebo/install/ardupilot_gazebo/share/ardupilot_gazebo/models/qr_parlak
-- Up-to-date: /home/celil/ardupilot_gazebo/install/ardupilot_gazebo/share/ardupilot_gazebo/models/qr_parlak/materials
-- Up-to-date: /home/celil/ardupilot_gazebo/install/ardupilot_gazebo/share/ardupilot_gazebo/models/qr_parlak/materials/textures
-- Up-to-date: /home/celil/ardupilot_gazebo/install/ardupilot_gazebo/share/ardupilot_gazebo/models/gimbal_small_3d
-- Up-to-date: /home/celil/ardupilot_gazebo/install/ardupilot_gazebo/share/ardupilot_gazebo/models/gimbal_small_3d/meshes
-- Up-to-date: /home/celil/ardupilot_gazebo/install/ardupilot_gazebo/share/ardupilot_gazebo/models/iris_with_standoffs
-- Up-to-date: /home/celil/ardupilot_gazebo/install/ardupilot_gazebo/share/ardupilot_gazebo/models/iris_with_standoffs/meshes
-- Up-to-date: /home/celil/ardupilot_gazebo/install/ardupilot_gazebo/share/ardupilot_gazebo/models/zephyr_with_parachute
-- Up-to-date: /home/celil/ardupilot_gazebo/install/ardupilot_gazebo/share/ardupilot_gazebo/models/iris_with_gimbal
-- Up-to-date: /home/celil/ardupilot_gazebo/install/ardupilot_gazebo/share/ardupilot_gazebo/models/plane_with_ardupilot
-- Installing: /home/celil/ardupilot_gazebo/install/ardupilot_gazebo/share/ardupilot_gazebo/models/plane_with_ardupilot/model.config
-- Installing: /home/celil/ardupilot_gazebo/install/ardupilot_gazebo/share/ardupilot_gazebo/models/plane_with_ardupilot/model.sdf
-- Up-to-date: /home/celil/ardupilot_gazebo/install/ardupilot_gazebo/share/ardupilot_gazebo/models/fixed_wing_ardupilot
-- Up-to-date: /home/celil/ardupilot_gazebo/install/ardupilot_gazebo/share/ardupilot_gazebo/models/fixed_wing_ardupilot/meshes
-- Up-to-date: /home/celil/ardupilot_gazebo/install/ardupilot_gazebo/share/ardupilot_gazebo/models/fixed_wing_ardupilot/meshes/wings.stl
-- Up-to-date: /home/celil/ardupilot_gazebo/install/ardupilot_gazebo/share/ardupilot_gazebo/models/fixed_wing_ardupilot/meshes/fuselage.stl
-- Up-to-date: /home/celil/ardupilot_gazebo/install/ardupilot_gazebo/share/ardupilot_gazebo/models/fixed_wing_ardupilot/meshes/landing_gear.stl
-- Up-to-date: /home/celil/ardupilot_gazebo/install/ardupilot_gazebo/share/ardupilot_gazebo/models/fixed_wing_ardupilot/meshes/tail.stl
-- Up-to-date: /home/celil/ardupilot_gazebo/install/ardupilot_gazebo/share/ardupilot_gazebo/models/fixed_wing_ardupilot/meshes/propeller.stl
-- Up-to-date: /home/celil/ardupilot_gazebo/install/ardupilot_gazebo/share/ardupilot_gazebo/models/fixed_wing_ardupilot/model.config
-- Up-to-date: /home/celil/ardupilot_gazebo/install/ardupilot_gazebo/share/ardupilot_gazebo/models/qr_karsiaydinlatma
-- Up-to-date: /home/celil/ardupilot_gazebo/install/ardupilot_gazebo/share/ardupilot_gazebo/models/qr_karsiaydinlatma/materials
-- Up-to-date: /home/celil/ardupilot_gazebo/install/ardupilot_gazebo/share/ardupilot_gazebo/models/qr_karsiaydinlatma/materials/textures
-- Up-to-date: /home/celil/ardupilot_gazebo/install/ardupilot_gazebo/share/ardupilot_gazebo/models/qr_kismigolge
-- Up-to-date: /home/celil/ardupilot_gazebo/install/ardupilot_gazebo/share/ardupilot_gazebo/models/qr_kismigolge/materials
-- Up-to-date: /home/celil/ardupilot_gazebo/install/ardupilot_gazebo/share/ardupilot_gazebo/models/qr_kismigolge/materials/textures
-- Up-to-date: /home/celil/ardupilot_gazebo/install/ardupilot_gazebo/share/ardupilot_gazebo/models/qr_engelli
-- Up-to-date: /home/celil/ardupilot_gazebo/install/ardupilot_gazebo/share/ardupilot_gazebo/models/qr_engelli/materials
-- Up-to-date: /home/celil/ardupilot_gazebo/install/ardupilot_gazebo/share/ardupilot_gazebo/models/qr_engelli/materials/textures
-- Up-to-date: /home/celil/ardupilot_gazebo/install/ardupilot_gazebo/share/ardupilot_gazebo/models/qr_karsiaydınlatma
-- Up-to-date: /home/celil/ardupilot_gazebo/install/ardupilot_gazebo/share/ardupilot_gazebo/models/qr_karsiaydınlatma/materials
-- Up-to-date: /home/celil/ardupilot_gazebo/install/ardupilot_gazebo/share/ardupilot_gazebo/models/qr_karsiaydınlatma/materials/textures
-- Up-to-date: /home/celil/ardupilot_gazebo/install/ardupilot_gazebo/share/ardupilot_gazebo/models/qr_cimen
-- Up-to-date: /home/celil/ardupilot_gazebo/install/ardupilot_gazebo/share/ardupilot_gazebo/models/qr_cimen/materials
-- Up-to-date: /home/celil/ardupilot_gazebo/install/ardupilot_gazebo/share/ardupilot_gazebo/models/qr_cimen/materials/textures
-- Up-to-date: /home/celil/ardupilot_gazebo/install/ardupilot_gazebo/share/ardupilot_gazebo/models/qr_target
-- Up-to-date: /home/celil/ardupilot_gazebo/install/ardupilot_gazebo/share/ardupilot_gazebo/models/qr_target/materials
-- Up-to-date: /home/celil/ardupilot_gazebo/install/ardupilot_gazebo/share/ardupilot_gazebo/models/qr_target/materials/textures
-- Up-to-date: /home/celil/ardupilot_gazebo/install/ardupilot_gazebo/share/ardupilot_gazebo/models/qr_toprak
-- Up-to-date: /home/celil/ardupilot_gazebo/install/ardupilot_gazebo/share/ardupilot_gazebo/models/qr_toprak/materials
-- Up-to-date: /home/celil/ardupilot_gazebo/install/ardupilot_gazebo/share/ardupilot_gazebo/models/qr_toprak/materials/textures
-- Up-to-date: /home/celil/ardupilot_gazebo/install/ardupilot_gazebo/share/ardupilot_gazebo/models/fixed_wing_with_ardupilot
-- Up-to-date: /home/celil/ardupilot_gazebo/install/ardupilot_gazebo/share/ardupilot_gazebo/models/fixed_wing_with_ardupilot/model.config
-- Up-to-date: /home/celil/ardupilot_gazebo/install/ardupilot_gazebo/share/ardupilot_gazebo/models/fixed_wing_with_ardupilot/model.sdf
-- Up-to-date: /home/celil/ardupilot_gazebo/install/ardupilot_gazebo/share/ardupilot_gazebo/models/parachute_small
-- Up-to-date: /home/celil/ardupilot_gazebo/install/ardupilot_gazebo/share/ardupilot_gazebo/models/parachute_small/meshes
-- Up-to-date: /home/celil/ardupilot_gazebo/install/ardupilot_gazebo/share/ardupilot_gazebo/models/zephyr
-- Up-to-date: /home/celil/ardupilot_gazebo/install/ardupilot_gazebo/share/ardupilot_gazebo/models/zephyr/meshes
-- Up-to-date: /home/celil/ardupilot_gazebo/install/ardupilot_gazebo/share/ardupilot_gazebo/models/zephyr/materials
-- Up-to-date: /home/celil/ardupilot_gazebo/install/ardupilot_gazebo/share/ardupilot_gazebo/models/zephyr/materials/textures
-- Up-to-date: /home/celil/ardupilot_gazebo/install/ardupilot_gazebo/share/ardupilot_gazebo/models/zephyr/thumbnails
-- Up-to-date: /home/celil/ardupilot_gazebo/install/ardupilot_gazebo/share/ardupilot_gazebo/models/gimbal_small_2d
-- Up-to-date: /home/celil/ardupilot_gazebo/install/ardupilot_gazebo/share/ardupilot_gazebo/models/gimbal_small_2d/meshes
-- Up-to-date: /home/celil/ardupilot_gazebo/install/ardupilot_gazebo/share/ardupilot_gazebo/models/zephyr_with_ardupilot
-- Up-to-date: /home/celil/ardupilot_gazebo/install/ardupilot_gazebo/share/ardupilot_gazebo/models/qr_karisik
-- Up-to-date: /home/celil/ardupilot_gazebo/install/ardupilot_gazebo/share/ardupilot_gazebo/models/qr_karisik/materials
-- Up-to-date: /home/celil/ardupilot_gazebo/install/ardupilot_gazebo/share/ardupilot_gazebo/models/qr_karisik/materials/textures
-- Up-to-date: /home/celil/ardupilot_gazebo/install/ardupilot_gazebo/share/ardupilot_gazebo/models/runway
-- Up-to-date: /home/celil/ardupilot_gazebo/install/ardupilot_gazebo/share/ardupilot_gazebo/models/runway/meshes
-- Up-to-date: /home/celil/ardupilot_gazebo/install/ardupilot_gazebo/share/ardupilot_gazebo/models/runway/materials
-- Up-to-date: /home/celil/ardupilot_gazebo/install/ardupilot_gazebo/share/ardupilot_gazebo/models/runway/materials/textures
-- Up-to-date: /home/celil/ardupilot_gazebo/install/ardupilot_gazebo/share/ardupilot_gazebo/models/iris_with_ardupilot
-- Up-to-date: /home/celil/ardupilot_gazebo/install/ardupilot_gazebo/share/ardupilot_gazebo/worlds
-- Installing: /home/celil/ardupilot_gazebo/install/ardupilot_gazebo/share/ardupilot_gazebo/package.dsv
